<?xml version="1.0" encoding="UTF-8"?>
<!-- Generated by org.testng.reporters.JUnitReportReporter -->
<testsuite hostname="LAPTOP-JH6L6V8L" failures="0" tests="1" name="sample.hi" time="0.013" errors="0" timestamp="2023-04-12T11:14:30 IST" skipped="0">
  <testcase classname="sample.hi" name="trial" time="0.013"/>
  <system-out/>
</testsuite> <!-- sample.hi -->
